BP_MISPRED_STALL_CORE_0                                   2910651                       2910651

BP_RESOLVED_CORE_0                                          10068                         10068

BP_REDIRECT_RESOLVED_CORE_0                                     0                             0

PERFECT_TARGET_PRED_CORE_0                                      0                             0

BP_ON_PATH_CORRECT_CORE_0                                   16351                       62.1522%
BP_ON_PATH_MISPREDICT_CORE_0                                 9957                       37.8478%
BP_ON_PATH_MISFETCH_CORE_0                                      0                             0%
                                                            26308                           100%

BP_OFF_PATH_CORRECT_CORE_0                                      0                          NaN 
BP_OFF_PATH_MISPREDICT_CORE_0                                   0                          NaN 
BP_OFF_PATH_MISFETCH_CORE_0                                     0                          NaN 
                                                                0                           100%

BP_MISPRED_STALL_CORE_1                                   2682446                       2682446

BP_RESOLVED_CORE_1                                           9801                          9801

BP_REDIRECT_RESOLVED_CORE_1                                     0                             0

PERFECT_TARGET_PRED_CORE_1                                      0                             0

BP_ON_PATH_CORRECT_CORE_1                                   28023                       74.2528%
BP_ON_PATH_MISPREDICT_CORE_1                                 9717                       25.7472%
BP_ON_PATH_MISFETCH_CORE_1                                      0                             0%
                                                            37740                           100%

BP_OFF_PATH_CORRECT_CORE_1                                      0                          NaN 
BP_OFF_PATH_MISPREDICT_CORE_1                                   0                          NaN 
BP_OFF_PATH_MISFETCH_CORE_1                                     0                          NaN 
                                                                0                           100%

BP_MISPRED_STALL_CORE_2                                   2373703                       2373703

BP_RESOLVED_CORE_2                                           9789                          9789

BP_REDIRECT_RESOLVED_CORE_2                                     0                             0

PERFECT_TARGET_PRED_CORE_2                                      0                             0

BP_ON_PATH_CORRECT_CORE_2                                   65396                       87.1041%
BP_ON_PATH_MISPREDICT_CORE_2                                 9682                       12.8959%
BP_ON_PATH_MISFETCH_CORE_2                                      0                             0%
                                                            75078                           100%

BP_OFF_PATH_CORRECT_CORE_2                                      0                          NaN 
BP_OFF_PATH_MISPREDICT_CORE_2                                   0                          NaN 
BP_OFF_PATH_MISFETCH_CORE_2                                     0                          NaN 
                                                                0                           100%

BP_MISPRED_STALL_CORE_3                                   2149721                       2149721

BP_RESOLVED_CORE_3                                           9950                          9950

BP_REDIRECT_RESOLVED_CORE_3                                     0                             0

PERFECT_TARGET_PRED_CORE_3                                      0                             0

BP_ON_PATH_CORRECT_CORE_3                                  116667                       92.1904%
BP_ON_PATH_MISPREDICT_CORE_3                                 9883                       7.80956%
BP_ON_PATH_MISFETCH_CORE_3                                      0                             0%
                                                           126550                           100%

BP_OFF_PATH_CORRECT_CORE_3                                      0                          NaN 
BP_OFF_PATH_MISPREDICT_CORE_3                                   0                          NaN 
BP_OFF_PATH_MISFETCH_CORE_3                                     0                          NaN 
                                                                0                           100%

BP_MISPRED_STALL_CORE_4                                   1854294                       1854294

BP_RESOLVED_CORE_4                                           9757                          9757

BP_REDIRECT_RESOLVED_CORE_4                                     0                             0

PERFECT_TARGET_PRED_CORE_4                                      0                             0

BP_ON_PATH_CORRECT_CORE_4                                  186486                       95.0591%
BP_ON_PATH_MISPREDICT_CORE_4                                 9693                        4.9409%
BP_ON_PATH_MISFETCH_CORE_4                                      0                             0%
                                                           196179                           100%

BP_OFF_PATH_CORRECT_CORE_4                                      0                          NaN 
BP_OFF_PATH_MISPREDICT_CORE_4                                   0                          NaN 
BP_OFF_PATH_MISFETCH_CORE_4                                     0                          NaN 
                                                                0                           100%

BP_MISPRED_STALL_CORE_5                                   1667699                       1667699

BP_RESOLVED_CORE_5                                          10016                         10016

BP_REDIRECT_RESOLVED_CORE_5                                     0                             0

PERFECT_TARGET_PRED_CORE_5                                      0                             0

BP_ON_PATH_CORRECT_CORE_5                                  252160                       96.2303%
BP_ON_PATH_MISPREDICT_CORE_5                                 9878                       3.76968%
BP_ON_PATH_MISFETCH_CORE_5                                      0                             0%
                                                           262038                           100%

BP_OFF_PATH_CORRECT_CORE_5                                      0                          NaN 
BP_OFF_PATH_MISPREDICT_CORE_5                                   0                          NaN 
BP_OFF_PATH_MISFETCH_CORE_5                                     0                          NaN 
                                                                0                           100%

BP_MISPRED_STALL_CORE_6                                   1431842                       1431842

BP_RESOLVED_CORE_6                                           9714                          9714

BP_REDIRECT_RESOLVED_CORE_6                                     0                             0

PERFECT_TARGET_PRED_CORE_6                                      0                             0

BP_ON_PATH_CORRECT_CORE_6                                  342793                         97.26%
BP_ON_PATH_MISPREDICT_CORE_6                                 9657                       2.73996%
BP_ON_PATH_MISFETCH_CORE_6                                      0                             0%
                                                           352450                           100%

BP_OFF_PATH_CORRECT_CORE_6                                      0                          NaN 
BP_OFF_PATH_MISPREDICT_CORE_6                                   0                          NaN 
BP_OFF_PATH_MISFETCH_CORE_6                                     0                          NaN 
                                                                0                           100%

BP_MISPRED_STALL_CORE_7                                   1222261                       1222261

BP_RESOLVED_CORE_7                                           9683                          9683

BP_REDIRECT_RESOLVED_CORE_7                                     0                             0

PERFECT_TARGET_PRED_CORE_7                                      0                             0

BP_ON_PATH_CORRECT_CORE_7                                  471453                       98.0009%
BP_ON_PATH_MISPREDICT_CORE_7                                 9617                       1.99909%
BP_ON_PATH_MISFETCH_CORE_7                                      0                             0%
                                                           481070                           100%

BP_OFF_PATH_CORRECT_CORE_7                                      0                          NaN 
BP_OFF_PATH_MISPREDICT_CORE_7                                   0                          NaN 
BP_OFF_PATH_MISFETCH_CORE_7                                     0                          NaN 
                                                                0                           100%

