####################################################################################################
Interval
####################################################################################################
Cumulative:         Cycles:                  20000     Instructions:                  1200
INST_COUNT_TOT                                            9841202                       9841202

UOP_COUNT_TOT                                            11545427                      11545427

CYC_COUNT_TOT                                             3000002                       3000002

EXE_TIME                                                      120                           120

NUM_REPEAT                                                      0                             0

CYC_COUNT_X86                                                   0                             0

CYC_COUNT_PTX                                                   0                             0

AVG_BLOCK_EXE_CYCLE                                             0                             0

AVG_BLOCK_EXE_CYCLE_BASE                                        0                             0

PROGRESS_ERROR                                                  0                             0

FILE_OPEN_ERROR                                                 0                             0

NUM_THREAD                                                      0                             0

APPL_CYC_COUNT_BASE0                                            0                             0

APPL_CYC_COUNT_BASE1                                            0                             0

APPL_CYC_COUNT_BASE2                                            0                             0

APPL_CYC_COUNT_BASE3                                            0                             0

APPL_CYC_COUNT_BASE4                                            0                             0

APPL_CYC_COUNT0                                                 0                           NaN

APPL_CYC_COUNT1                                                 0                           NaN

APPL_CYC_COUNT2                                                 0                           NaN

APPL_CYC_COUNT3                                                 0                           NaN

APPL_CYC_COUNT4                                                 0                           NaN

CPI_DELTA_BASE0                                                 0                             0

CPI_DELTA_BASE1                                                 0                             0

CPI_DELTA_BASE2                                                 0                             0

CPI_DELTA_BASE3                                                 0                             0

CPI_DELTA_BASE4                                                 0                             0

CPI_DELTA0                                                      0                           NaN

CPI_DELTA1                                                      0                           NaN

CPI_DELTA2                                                      0                           NaN

CPI_DELTA3                                                      0                           NaN

CPI_DELTA4                                                      0                           NaN

CYCLE_CPU                                                 3000002                       3000002

CYCLE_GPU                                                 3000002                       3000002

INST_COUNT_CORE_0                                          145236                        145236

UOP_COUNT_CORE_0                                           191497                        191497

CYC_COUNT_CORE_0                                          3000001                       3000001

INST_COUNT_CORE_1                                          264254                        264254

UOP_COUNT_CORE_1                                           320142                        320142

CYC_COUNT_CORE_1                                          3000001                       3000001

INST_COUNT_CORE_2                                          529057                        529057

UOP_COUNT_CORE_2                                           622254                        622254

CYC_COUNT_CORE_2                                          3000001                       3000001

INST_COUNT_CORE_3                                          837889                        837889

UOP_COUNT_CORE_3                                           982558                        982558

CYC_COUNT_CORE_3                                          3000001                       3000001

INST_COUNT_CORE_4                                         1255661                       1255661

UOP_COUNT_CORE_4                                          1469958                       1469958

CYC_COUNT_CORE_4                                          3000001                       3000001

INST_COUNT_CORE_5                                         1650817                       1650817

UOP_COUNT_CORE_5                                          1930974                       1930974

CYC_COUNT_CORE_5                                          3000001                       3000001

INST_COUNT_CORE_6                                         2193286                       2193286

UOP_COUNT_CORE_6                                          2563854                       2563854

CYC_COUNT_CORE_6                                          3000001                       3000001

INST_COUNT_CORE_7                                         2965002                       2965002

UOP_COUNT_CORE_7                                          3464190                       3464190

CYC_COUNT_CORE_7                                          3000001                       3000001

