####################################################################################################
Interval
####################################################################################################
Cumulative:         Cycles:                  20000     Instructions:                  1200
POWER_L3CACHE_LINEFILL_BUF_R                               498962                        498962

POWER_L3CACHE_LINEFILL_BUF_W                               498962                        498962

POWER_L3CACHE_LINEFILL_BUF_R_TAG                           498962                        498962

POWER_L3CACHE_WB_BUF_R                                          0                             0

POWER_L3CACHE_WB_BUF_W                                          0                             0

POWER_L3CACHE_WB_BUF_R_TAG                                      0                             0

POWER_L3CACHE_R                                                 0                             0

POWER_L3CACHE_W                                                 0                             0

POWER_L3CACHE_R_TAG                                             0                             0

POWER_MC_R                                                2474372                       2474372

POWER_MC_W                                                      0                             0

POWER_BLOCK_STATES_R_CORE_0                               3000001                       3000001

POWER_BLOCK_STATES_W_CORE_0                               3000001                       3000001

POWER_FETCH_QUEUE_R_CORE_0                                 191533                        191533

POWER_FETCH_QUEUE_W_CORE_0                                 191533                        191533

POWER_INST_QUEUE_R_CORE_0                                 1480978                       1480978

POWER_INST_QUEUE_W_CORE_0                                  191533                        191533

POWER_BR_PRED_R_CORE_0                                      27699                         27699

POWER_BR_PRED_W_CORE_0                                      26302                         26302

POWER_RAS_R_CORE_0                                           1404                          1404

POWER_RAS_W_CORE_0                                           1118                          1118

POWER_ICACHE_R_CORE_0                                       24360                         24360

POWER_ICACHE_W_CORE_0                                           0                             0

POWER_ICACHE_R_TAG_CORE_0                                   24360                         24360

POWER_ICACHE_MISS_BUF_R_CORE_0                                  0                             0

POWER_ICACHE_MISS_BUF_W_CORE_0                                  0                             0

POWER_ICACHE_MISS_BUF_R_TAG_CORE_0                              0                             0

POWER_ICACHE_MISS_BUF_W_TAG_CORE_0                              0                             0

POWER_ICACHE_TOT_ACC_CORE_0                                     0                             0

POWER_ICACHE_CONF_CORE_0                                        0                             0

POWER_INST_DECODER_R_CORE_0                                145264                        145264

POWER_INST_DECODER_W_CORE_0                                     0                             0

POWER_MICRO_OP_SEQ_R_CORE_0                                     0                             0

POWER_MICRO_OP_SEQ_W_CORE_0                                     0                             0

POWER_OPERAND_DECODER_R_CORE_0                             145264                        145264

POWER_OPERAND_DECODER_W_CORE_0                                  0                             0

POWER_UOP_QUEUE_R_CORE_0                                  1480978                       1480978

POWER_UOP_QUEUE_W_CORE_0                                   191533                        191533

POWER_REG_RENAMING_TABLE_R_CORE_0                         1480978                       1480978

POWER_REG_RENAMING_TABLE_W_CORE_0                          191533                        191533

POWER_DEP_CHECK_LOGIC_R_CORE_0                             191533                        191533

POWER_FREELIST_R_CORE_0                                   1480978                       1480978

POWER_FREELIST_W_CORE_0                                    191533                        191533

POWER_RESERVATION_STATION_R_CORE_0                         191508                        191508

POWER_RESERVATION_STATION_W_CORE_0                         191525                        191525

POWER_RESERVATION_STATION_R_TAG_CORE_0                     191508                        191508

POWER_RESERVATION_STATION_W_TAG_CORE_0                          0                             0

POWER_INST_ISSUE_SEL_LOGIC_R_CORE_0                        191508                        191508

POWER_INST_ISSUE_SEL_LOGIC_W_CORE_0                        191508                        191508

POWER_PAYLOAD_RAM_R_CORE_0                                 191508                        191508

POWER_PAYLOAD_RAM_W_CORE_0                                 191508                        191508

POWER_EX_ALU_R_CORE_0                                      141213                        141213

POWER_EX_FPU_R_CORE_0                                         229                           229

POWER_EX_MUL_R_CORE_0                                         399                           399

POWER_EX_SFU_R_CORE_0                                           0                             0

POWER_REORDER_BUF_R_CORE_0                                 191497                        191497

POWER_REORDER_BUF_W_CORE_0                                 383066                        383066

POWER_INST_COMMIT_SEL_LOGIC_R_CORE_0                       191497                        191497

POWER_INST_COMMIT_SEL_LOGIC_W_CORE_0                       191533                        191533

POWER_FP_RENAME_R_CORE_0                                      271                           271

POWER_FP_RENAME_W_CORE_0                                        0                             0

POWER_LOAD_QUEUE_R_CORE_0                                   37283                         37283

POWER_LOAD_QUEUE_W_CORE_0                                   37283                         37283

POWER_LOAD_QUEUE_R_TAG_CORE_0                               37283                         37283

POWER_LOAD_QUEUE_W_TAG_CORE_0                                   0                             0

POWER_STORE_QUEUE_R_CORE_0                                  12384                         12384

POWER_STORE_QUEUE_W_CORE_0                                  12384                         12384

POWER_STORE_QUEUE_R_TAG_CORE_0                              12384                         12384

POWER_STORE_QUEUE_W_TAG_CORE_0                                  0                             0

POWER_DATA_TLB_R_CORE_0                                     37283                         37283

POWER_DATA_TLB_W_CORE_0                                         0                             0

POWER_DATA_TLB_R_TAG_CORE_0                                     0                             0

POWER_DATA_TLB_W_TAG_CORE_0                                     0                             0

POWER_INT_REGFILE_R_CORE_0                                 332891                        332891

POWER_INT_REGFILE_W_CORE_0                                 191279                        191279

POWER_FP_REGFILE_R_CORE_0                                     458                           458

POWER_FP_REGFILE_W_CORE_0                                     229                           229

POWER_GP_REGISTER_R_CORE_0                                 332891                        332891

POWER_GP_REGISTER_W_CORE_0                                 191279                        191279

POWER_FP_REGISTER_R_CORE_0                                    458                           458

POWER_FP_REGISTER_W_CORE_0                                    229                           229

POWER_SEGMENT_REGISTER_R_CORE_0                             49667                         49667

POWER_SEGMENT_REGISTER_W_CORE_0                             99111                         99111

POWER_CONTROL_REGISTER_R_CORE_0                                 0                             0

POWER_CONTROL_REGISTER_W_CORE_0                              7275                          7275

POWER_FLAG_REGISTER_R_CORE_0                                    0                             0

POWER_FLAG_REGISTER_W_CORE_0                                    0                             0

POWER_EXEC_BYPASS_CORE_0                                   191508                        191508

POWER_LOAD_BYPASS_CORE_0                                    52850                         52850

POWER_PIPELINE_CORE_0                                      145236                        145236

POWER_DCACHE_MISS_BUF_R_CORE_0                              52850                         52850

POWER_DCACHE_MISS_BUF_R_TAG_CORE_0                          49667                         49667

POWER_DCACHE_MISS_BUF_W_CORE_0                              49667                         49667

POWER_DCACHE_MISS_BUF_W_TAG_CORE_0                              0                             0

POWER_DCACHE_LINEFILL_BUF_R_CORE_0                              0                             0

POWER_L2CACHE_LINEFILL_BUF_R_CORE_0                         26422                         26422

POWER_DCACHE_LINEFILL_BUF_W_CORE_0                              0                             0

POWER_L2CACHE_LINEFILL_BUF_W_CORE_0                         26422                         26422

POWER_DCACHE_LINEFILL_BUF_R_TAG_CORE_0                          0                             0

POWER_L2CACHE_LINEFILL_BUF_R_TAG_CORE_0                     52844                         52844

POWER_DCACHE_LINEFILL_BUF_W_TAG_CORE_0                          0                             0

POWER_DCACHE_WB_BUF_R_CORE_0                                    0                             0

POWER_L2CACHE_WB_BUF_R_CORE_0                                   0                             0

POWER_DCACHE_WB_BUF_W_CORE_0                                    0                             0

POWER_L2CACHE_WB_BUF_W_CORE_0                                   0                             0

POWER_DCACHE_WB_BUF_R_TAG_CORE_0                                0                             0

POWER_L2CACHE_WB_BUF_R_TAG_CORE_0                               0                             0

POWER_DCACHE_WB_BUF_W_TAG_CORE_0                                0                             0

POWER_DCACHE_R_CORE_0                                           0                             0

POWER_L2CACHE_R_CORE_0                                          0                             0

POWER_DCACHE_W_CORE_0                                           0                             0

POWER_L2CACHE_W_CORE_0                                          0                             0

POWER_DCACHE_R_TAG_CORE_0                                       0                             0

POWER_L2CACHE_R_TAG_CORE_0                                      0                             0

POWER_CONST_CACHE_R_CORE_0                                      0                             0

POWER_CONST_CACHE_W_CORE_0                                      0                             0

POWER_CONST_CACHE_R_TAG_CORE_0                                  0                             0

POWER_CONST_CACHE_W_TAG_CORE_0                                  0                             0

POWER_TEXTURE_CACHE_R_CORE_0                                    0                             0

POWER_TEXTURE_CACHE_W_CORE_0                                    0                             0

POWER_TEXTURE_CACHE_R_TAG_CORE_0                                0                             0

POWER_TEXTURE_CACHE_W_TAG_CORE_0                                0                             0

POWER_SHARED_MEM_R_CORE_0                                       0                             0

POWER_SHARED_MEM_W_CORE_0                                       0                             0

POWER_SHARED_MEM_R_TAG_CORE_0                                   0                             0

POWER_SHARED_MEM_W_TAG_CORE_0                                   0                             0

POWER_BLOCK_STATES_R_CORE_1                               3000001                       3000001

POWER_BLOCK_STATES_W_CORE_1                               3000001                       3000001

POWER_FETCH_QUEUE_R_CORE_1                                 320502                        320502

POWER_FETCH_QUEUE_W_CORE_1                                 320502                        320502

POWER_INST_QUEUE_R_CORE_1                                 1505546                       1505546

POWER_INST_QUEUE_W_CORE_1                                  320246                        320246

POWER_BR_PRED_R_CORE_1                                      39244                         39244

POWER_BR_PRED_W_CORE_1                                      37720                         37720

POWER_RAS_R_CORE_1                                           1042                          1042

POWER_RAS_W_CORE_1                                            810                           810

POWER_ICACHE_R_CORE_1                                       44035                         44035

POWER_ICACHE_W_CORE_1                                           0                             0

POWER_ICACHE_R_TAG_CORE_1                                   44035                         44035

POWER_ICACHE_MISS_BUF_R_CORE_1                                  0                             0

POWER_ICACHE_MISS_BUF_W_CORE_1                                  0                             0

POWER_ICACHE_MISS_BUF_R_TAG_CORE_1                              0                             0

POWER_ICACHE_MISS_BUF_W_TAG_CORE_1                              0                             0

POWER_ICACHE_TOT_ACC_CORE_1                                     0                             0

POWER_ICACHE_CONF_CORE_1                                        0                             0

POWER_INST_DECODER_R_CORE_1                                264586                        264586

POWER_INST_DECODER_W_CORE_1                                     0                             0

POWER_MICRO_OP_SEQ_R_CORE_1                                     0                             0

POWER_MICRO_OP_SEQ_W_CORE_1                                     0                             0

POWER_OPERAND_DECODER_R_CORE_1                             264586                        264586

POWER_OPERAND_DECODER_W_CORE_1                                  0                             0

POWER_UOP_QUEUE_R_CORE_1                                  1505546                       1505546

POWER_UOP_QUEUE_W_CORE_1                                   320246                        320246

POWER_REG_RENAMING_TABLE_R_CORE_1                         1505546                       1505546

POWER_REG_RENAMING_TABLE_W_CORE_1                          320246                        320246

POWER_DEP_CHECK_LOGIC_R_CORE_1                             320502                        320502

POWER_FREELIST_R_CORE_1                                   1505546                       1505546

POWER_FREELIST_W_CORE_1                                    320246                        320246

POWER_RESERVATION_STATION_R_CORE_1                         320246                        320246

POWER_RESERVATION_STATION_W_CORE_1                         320246                        320246

POWER_RESERVATION_STATION_R_TAG_CORE_1                     320246                        320246

POWER_RESERVATION_STATION_W_TAG_CORE_1                          0                             0

POWER_INST_ISSUE_SEL_LOGIC_R_CORE_1                        320246                        320246

POWER_INST_ISSUE_SEL_LOGIC_W_CORE_1                        320246                        320246

POWER_PAYLOAD_RAM_R_CORE_1                                 320246                        320246

POWER_PAYLOAD_RAM_W_CORE_1                                 320246                        320246

POWER_EX_ALU_R_CORE_1                                      195362                        195362

POWER_EX_FPU_R_CORE_1                                          62                            62

POWER_EX_MUL_R_CORE_1                                         329                           329

POWER_EX_SFU_R_CORE_1                                           0                             0

POWER_REORDER_BUF_R_CORE_1                                 320142                        320142

POWER_REORDER_BUF_W_CORE_1                                 640492                        640492

POWER_INST_COMMIT_SEL_LOGIC_R_CORE_1                       320142                        320142

POWER_INST_COMMIT_SEL_LOGIC_W_CORE_1                       320246                        320246

POWER_FP_RENAME_R_CORE_1                                    77563                         77563

POWER_FP_RENAME_W_CORE_1                                        0                             0

POWER_LOAD_QUEUE_R_CORE_1                                   37529                         37529

POWER_LOAD_QUEUE_W_CORE_1                                   37529                         37529

POWER_LOAD_QUEUE_R_TAG_CORE_1                               37529                         37529

POWER_LOAD_QUEUE_W_TAG_CORE_1                                   0                             0

POWER_STORE_QUEUE_R_CORE_1                                  86964                         86964

POWER_STORE_QUEUE_W_CORE_1                                  86964                         86964

POWER_STORE_QUEUE_R_TAG_CORE_1                              86964                         86964

POWER_STORE_QUEUE_W_TAG_CORE_1                                  0                             0

POWER_DATA_TLB_R_CORE_1                                     37529                         37529

POWER_DATA_TLB_W_CORE_1                                         0                             0

POWER_DATA_TLB_R_TAG_CORE_1                                     0                             0

POWER_DATA_TLB_W_TAG_CORE_1                                     0                             0

POWER_INT_REGFILE_R_CORE_1                                 515875                        515875

POWER_INT_REGFILE_W_CORE_1                                 320184                        320184

POWER_FP_REGFILE_R_CORE_1                                     124                           124

POWER_FP_REGFILE_W_CORE_1                                      62                            62

POWER_GP_REGISTER_R_CORE_1                                 515875                        515875

POWER_GP_REGISTER_W_CORE_1                                 320184                        320184

POWER_FP_REGISTER_R_CORE_1                                    124                           124

POWER_FP_REGISTER_W_CORE_1                                     62                            62

POWER_SEGMENT_REGISTER_R_CORE_1                            124493                        124493

POWER_SEGMENT_REGISTER_W_CORE_1                            249126                        249126

POWER_CONTROL_REGISTER_R_CORE_1                                 0                             0

POWER_CONTROL_REGISTER_W_CORE_1                             27613                         27613

POWER_FLAG_REGISTER_R_CORE_1                                    0                             0

POWER_FLAG_REGISTER_W_CORE_1                                    0                             0

POWER_EXEC_BYPASS_CORE_1                                   320246                        320246

POWER_LOAD_BYPASS_CORE_1                                    89410                         89410

POWER_PIPELINE_CORE_1                                      264254                        264254

POWER_DCACHE_MISS_BUF_R_CORE_1                              89410                         89410

POWER_DCACHE_MISS_BUF_R_TAG_CORE_1                         124493                        124493

POWER_DCACHE_MISS_BUF_W_CORE_1                             124493                        124493

POWER_DCACHE_MISS_BUF_W_TAG_CORE_1                              0                             0

POWER_DCACHE_LINEFILL_BUF_R_CORE_1                              0                             0

POWER_L2CACHE_LINEFILL_BUF_R_CORE_1                         44690                         44690

POWER_DCACHE_LINEFILL_BUF_W_CORE_1                              0                             0

POWER_L2CACHE_LINEFILL_BUF_W_CORE_1                         44690                         44690

POWER_DCACHE_LINEFILL_BUF_R_TAG_CORE_1                          0                             0

POWER_L2CACHE_LINEFILL_BUF_R_TAG_CORE_1                     89380                         89380

POWER_DCACHE_LINEFILL_BUF_W_TAG_CORE_1                          0                             0

POWER_DCACHE_WB_BUF_R_CORE_1                                    0                             0

POWER_L2CACHE_WB_BUF_R_CORE_1                                   0                             0

POWER_DCACHE_WB_BUF_W_CORE_1                                    0                             0

POWER_L2CACHE_WB_BUF_W_CORE_1                                   0                             0

POWER_DCACHE_WB_BUF_R_TAG_CORE_1                                0                             0

POWER_L2CACHE_WB_BUF_R_TAG_CORE_1                               0                             0

POWER_DCACHE_WB_BUF_W_TAG_CORE_1                                0                             0

POWER_DCACHE_R_CORE_1                                           0                             0

POWER_L2CACHE_R_CORE_1                                          0                             0

POWER_DCACHE_W_CORE_1                                           0                             0

POWER_L2CACHE_W_CORE_1                                          0                             0

POWER_DCACHE_R_TAG_CORE_1                                       0                             0

POWER_L2CACHE_R_TAG_CORE_1                                      0                             0

POWER_CONST_CACHE_R_CORE_1                                      0                             0

POWER_CONST_CACHE_W_CORE_1                                      0                             0

POWER_CONST_CACHE_R_TAG_CORE_1                                  0                             0

POWER_CONST_CACHE_W_TAG_CORE_1                                  0                             0

POWER_TEXTURE_CACHE_R_CORE_1                                    0                             0

POWER_TEXTURE_CACHE_W_CORE_1                                    0                             0

POWER_TEXTURE_CACHE_R_TAG_CORE_1                                0                             0

POWER_TEXTURE_CACHE_W_TAG_CORE_1                                0                             0

POWER_SHARED_MEM_R_CORE_1                                       0                             0

POWER_SHARED_MEM_W_CORE_1                                       0                             0

POWER_SHARED_MEM_R_TAG_CORE_1                                   0                             0

POWER_SHARED_MEM_W_TAG_CORE_1                                   0                             0

POWER_BLOCK_STATES_R_CORE_2                               3000001                       3000001

POWER_BLOCK_STATES_W_CORE_2                               3000001                       3000001

POWER_FETCH_QUEUE_R_CORE_2                                 622686                        622686

POWER_FETCH_QUEUE_W_CORE_2                                 622686                        622686

POWER_INST_QUEUE_R_CORE_2                                 1726441                       1726441

POWER_INST_QUEUE_W_CORE_2                                  622433                        622433

POWER_BR_PRED_R_CORE_2                                      76583                         76583

POWER_BR_PRED_W_CORE_2                                      75042                         75042

POWER_RAS_R_CORE_2                                           1044                          1044

POWER_RAS_W_CORE_2                                            810                           810

POWER_ICACHE_R_CORE_2                                       85204                         85204

POWER_ICACHE_W_CORE_2                                           0                             0

POWER_ICACHE_R_TAG_CORE_2                                   85204                         85204

POWER_ICACHE_MISS_BUF_R_CORE_2                                  0                             0

POWER_ICACHE_MISS_BUF_W_CORE_2                                  0                             0

POWER_ICACHE_MISS_BUF_R_TAG_CORE_2                              0                             0

POWER_ICACHE_MISS_BUF_W_TAG_CORE_2                              0                             0

POWER_ICACHE_TOT_ACC_CORE_2                                     0                             0

POWER_ICACHE_CONF_CORE_2                                        0                             0

POWER_INST_DECODER_R_CORE_2                                529428                        529428

POWER_INST_DECODER_W_CORE_2                                     0                             0

POWER_MICRO_OP_SEQ_R_CORE_2                                     0                             0

POWER_MICRO_OP_SEQ_W_CORE_2                                     0                             0

POWER_OPERAND_DECODER_R_CORE_2                             529428                        529428

POWER_OPERAND_DECODER_W_CORE_2                                  0                             0

POWER_UOP_QUEUE_R_CORE_2                                  1726441                       1726441

POWER_UOP_QUEUE_W_CORE_2                                   622433                        622433

POWER_REG_RENAMING_TABLE_R_CORE_2                         1726441                       1726441

POWER_REG_RENAMING_TABLE_W_CORE_2                          622433                        622433

POWER_DEP_CHECK_LOGIC_R_CORE_2                             622686                        622686

POWER_FREELIST_R_CORE_2                                   1726441                       1726441

POWER_FREELIST_W_CORE_2                                    622433                        622433

POWER_RESERVATION_STATION_R_CORE_2                         622433                        622433

POWER_RESERVATION_STATION_W_CORE_2                         622433                        622433

POWER_RESERVATION_STATION_R_TAG_CORE_2                     622433                        622433

POWER_RESERVATION_STATION_W_TAG_CORE_2                          0                             0

POWER_INST_ISSUE_SEL_LOGIC_R_CORE_2                        622433                        622433

POWER_INST_ISSUE_SEL_LOGIC_W_CORE_2                        622433                        622433

POWER_PAYLOAD_RAM_R_CORE_2                                 622433                        622433

POWER_PAYLOAD_RAM_W_CORE_2                                 622433                        622433

POWER_EX_ALU_R_CORE_2                                      412487                        412487

POWER_EX_FPU_R_CORE_2                                          62                            62

POWER_EX_MUL_R_CORE_2                                         329                           329

POWER_EX_SFU_R_CORE_2                                           0                             0

POWER_REORDER_BUF_R_CORE_2                                 622254                        622254

POWER_REORDER_BUF_W_CORE_2                                1244866                       1244866

POWER_INST_COMMIT_SEL_LOGIC_R_CORE_2                       622254                        622254

POWER_INST_COMMIT_SEL_LOGIC_W_CORE_2                       622433                        622433

POWER_FP_RENAME_R_CORE_2                                   131697                        131697

POWER_FP_RENAME_W_CORE_2                                        0                             0

POWER_LOAD_QUEUE_R_CORE_2                                   37532                         37532

POWER_LOAD_QUEUE_W_CORE_2                                   37532                         37532

POWER_LOAD_QUEUE_R_TAG_CORE_2                               37532                         37532

POWER_LOAD_QUEUE_W_TAG_CORE_2                                   0                             0

POWER_STORE_QUEUE_R_CORE_2                                 172023                        172023

POWER_STORE_QUEUE_W_CORE_2                                 172023                        172023

POWER_STORE_QUEUE_R_TAG_CORE_2                             172023                        172023

POWER_STORE_QUEUE_W_TAG_CORE_2                                  0                             0

POWER_DATA_TLB_R_CORE_2                                     37532                         37532

POWER_DATA_TLB_W_CORE_2                                         0                             0

POWER_DATA_TLB_R_TAG_CORE_2                                     0                             0

POWER_DATA_TLB_W_TAG_CORE_2                                     0                             0

POWER_INT_REGFILE_R_CORE_2                                1035187                       1035187

POWER_INT_REGFILE_W_CORE_2                                 622371                        622371

POWER_FP_REGFILE_R_CORE_2                                     124                           124

POWER_FP_REGFILE_W_CORE_2                                      62                            62

POWER_GP_REGISTER_R_CORE_2                                1035187                       1035187

POWER_GP_REGISTER_W_CORE_2                                 622371                        622371

POWER_FP_REGISTER_R_CORE_2                                    124                           124

POWER_FP_REGISTER_W_CORE_2                                     62                            62

POWER_SEGMENT_REGISTER_R_CORE_2                            209555                        209555

POWER_SEGMENT_REGISTER_W_CORE_2                            419129                        419129

POWER_CONTROL_REGISTER_R_CORE_2                                 0                             0

POWER_CONTROL_REGISTER_W_CORE_2                             41217                         41217

POWER_FLAG_REGISTER_R_CORE_2                                    0                             0

POWER_FLAG_REGISTER_W_CORE_2                                    0                             0

POWER_EXEC_BYPASS_CORE_2                                   622433                        622433

POWER_LOAD_BYPASS_CORE_2                                   120342                        120342

POWER_PIPELINE_CORE_2                                      529057                        529057

POWER_DCACHE_MISS_BUF_R_CORE_2                             120342                        120342

POWER_DCACHE_MISS_BUF_R_TAG_CORE_2                         209555                        209555

POWER_DCACHE_MISS_BUF_W_CORE_2                             209555                        209555

POWER_DCACHE_MISS_BUF_W_TAG_CORE_2                              0                             0

POWER_DCACHE_LINEFILL_BUF_R_CORE_2                              0                             0

POWER_L2CACHE_LINEFILL_BUF_R_CORE_2                         60169                         60169

POWER_DCACHE_LINEFILL_BUF_W_CORE_2                              0                             0

POWER_L2CACHE_LINEFILL_BUF_W_CORE_2                         60169                         60169

POWER_DCACHE_LINEFILL_BUF_R_TAG_CORE_2                          0                             0

POWER_L2CACHE_LINEFILL_BUF_R_TAG_CORE_2                    120338                        120338

POWER_DCACHE_LINEFILL_BUF_W_TAG_CORE_2                          0                             0

POWER_DCACHE_WB_BUF_R_CORE_2                                    0                             0

POWER_L2CACHE_WB_BUF_R_CORE_2                                   0                             0

POWER_DCACHE_WB_BUF_W_CORE_2                                    0                             0

POWER_L2CACHE_WB_BUF_W_CORE_2                                   0                             0

POWER_DCACHE_WB_BUF_R_TAG_CORE_2                                0                             0

POWER_L2CACHE_WB_BUF_R_TAG_CORE_2                               0                             0

POWER_DCACHE_WB_BUF_W_TAG_CORE_2                                0                             0

POWER_DCACHE_R_CORE_2                                           0                             0

POWER_L2CACHE_R_CORE_2                                          0                             0

POWER_DCACHE_W_CORE_2                                           0                             0

POWER_L2CACHE_W_CORE_2                                          0                             0

POWER_DCACHE_R_TAG_CORE_2                                       0                             0

POWER_L2CACHE_R_TAG_CORE_2                                      0                             0

POWER_CONST_CACHE_R_CORE_2                                      0                             0

POWER_CONST_CACHE_W_CORE_2                                      0                             0

POWER_CONST_CACHE_R_TAG_CORE_2                                  0                             0

POWER_CONST_CACHE_W_TAG_CORE_2                                  0                             0

POWER_TEXTURE_CACHE_R_CORE_2                                    0                             0

POWER_TEXTURE_CACHE_W_CORE_2                                    0                             0

POWER_TEXTURE_CACHE_R_TAG_CORE_2                                0                             0

POWER_TEXTURE_CACHE_W_TAG_CORE_2                                0                             0

POWER_SHARED_MEM_R_CORE_2                                       0                             0

POWER_SHARED_MEM_W_CORE_2                                       0                             0

POWER_SHARED_MEM_R_TAG_CORE_2                                   0                             0

POWER_SHARED_MEM_W_TAG_CORE_2                                   0                             0

POWER_BLOCK_STATES_R_CORE_3                               3000001                       3000001

POWER_BLOCK_STATES_W_CORE_3                               3000001                       3000001

POWER_FETCH_QUEUE_R_CORE_3                                 982989                        982989

POWER_FETCH_QUEUE_W_CORE_3                                 982989                        982989

POWER_INST_QUEUE_R_CORE_3                                 1975682                       1975682

POWER_INST_QUEUE_W_CORE_3                                  982737                        982737

POWER_BR_PRED_R_CORE_3                                     128055                        128055

POWER_BR_PRED_W_CORE_3                                     126514                        126514

POWER_RAS_R_CORE_3                                           1044                          1044

POWER_RAS_W_CORE_3                                            810                           810

POWER_ICACHE_R_CORE_3                                      133693                        133693

POWER_ICACHE_W_CORE_3                                           0                             0

POWER_ICACHE_R_TAG_CORE_3                                  133693                        133693

POWER_ICACHE_MISS_BUF_R_CORE_3                                  0                             0

POWER_ICACHE_MISS_BUF_W_CORE_3                                  0                             0

POWER_ICACHE_MISS_BUF_R_TAG_CORE_3                              0                             0

POWER_ICACHE_MISS_BUF_W_TAG_CORE_3                              0                             0

POWER_ICACHE_TOT_ACC_CORE_3                                     0                             0

POWER_ICACHE_CONF_CORE_3                                        0                             0

POWER_INST_DECODER_R_CORE_3                                838259                        838259

POWER_INST_DECODER_W_CORE_3                                     0                             0

POWER_MICRO_OP_SEQ_R_CORE_3                                     0                             0

POWER_MICRO_OP_SEQ_W_CORE_3                                     0                             0

POWER_OPERAND_DECODER_R_CORE_3                             838259                        838259

POWER_OPERAND_DECODER_W_CORE_3                                  0                             0

POWER_UOP_QUEUE_R_CORE_3                                  1975682                       1975682

POWER_UOP_QUEUE_W_CORE_3                                   982737                        982737

POWER_REG_RENAMING_TABLE_R_CORE_3                         1975682                       1975682

POWER_REG_RENAMING_TABLE_W_CORE_3                          982737                        982737

POWER_DEP_CHECK_LOGIC_R_CORE_3                             982989                        982989

POWER_FREELIST_R_CORE_3                                   1975682                       1975682

POWER_FREELIST_W_CORE_3                                    982737                        982737

POWER_RESERVATION_STATION_R_CORE_3                         982737                        982737

POWER_RESERVATION_STATION_W_CORE_3                         982737                        982737

POWER_RESERVATION_STATION_R_TAG_CORE_3                     982737                        982737

POWER_RESERVATION_STATION_W_TAG_CORE_3                          0                             0

POWER_INST_ISSUE_SEL_LOGIC_R_CORE_3                        982737                        982737

POWER_INST_ISSUE_SEL_LOGIC_W_CORE_3                        982737                        982737

POWER_PAYLOAD_RAM_R_CORE_3                                 982737                        982737

POWER_PAYLOAD_RAM_W_CORE_3                                 982737                        982737

POWER_EX_ALU_R_CORE_3                                      721319                        721319

POWER_EX_FPU_R_CORE_3                                          62                            62

POWER_EX_MUL_R_CORE_3                                         329                           329

POWER_EX_SFU_R_CORE_3                                           0                             0

POWER_REORDER_BUF_R_CORE_3                                 982558                        982558

POWER_REORDER_BUF_W_CORE_3                                1965474                       1965474

POWER_INST_COMMIT_SEL_LOGIC_R_CORE_3                       982558                        982558

POWER_INST_COMMIT_SEL_LOGIC_W_CORE_3                       982737                        982737

POWER_FP_RENAME_R_CORE_3                                   131919                        131919

POWER_FP_RENAME_W_CORE_3                                        0                             0

POWER_LOAD_QUEUE_R_CORE_3                                   37532                         37532

POWER_LOAD_QUEUE_W_CORE_3                                   37532                         37532

POWER_LOAD_QUEUE_R_TAG_CORE_3                               37532                         37532

POWER_LOAD_QUEUE_W_TAG_CORE_3                                   0                             0

POWER_STORE_QUEUE_R_CORE_3                                 223495                        223495

POWER_STORE_QUEUE_W_CORE_3                                 223495                        223495

POWER_STORE_QUEUE_R_TAG_CORE_3                             223495                        223495

POWER_STORE_QUEUE_W_TAG_CORE_3                                  0                             0

POWER_DATA_TLB_R_CORE_3                                     37532                         37532

POWER_DATA_TLB_W_CORE_3                                         0                             0

POWER_DATA_TLB_R_TAG_CORE_3                                     0                             0

POWER_DATA_TLB_W_TAG_CORE_3                                     0                             0

POWER_INT_REGFILE_R_CORE_3                                1704323                       1704323

POWER_INT_REGFILE_W_CORE_3                                 982675                        982675

POWER_FP_REGFILE_R_CORE_3                                     124                           124

POWER_FP_REGFILE_W_CORE_3                                      62                            62

POWER_GP_REGISTER_R_CORE_3                                1704323                       1704323

POWER_GP_REGISTER_W_CORE_3                                 982675                        982675

POWER_FP_REGISTER_R_CORE_3                                    124                           124

POWER_FP_REGISTER_W_CORE_3                                     62                            62

POWER_SEGMENT_REGISTER_R_CORE_3                            261027                        261027

POWER_SEGMENT_REGISTER_W_CORE_3                            522073                        522073

POWER_CONTROL_REGISTER_R_CORE_3                                 0                             0

POWER_CONTROL_REGISTER_W_CORE_3                             41217                         41217

POWER_FLAG_REGISTER_R_CORE_3                                    0                             0

POWER_FLAG_REGISTER_W_CORE_3                                    0                             0

POWER_EXEC_BYPASS_CORE_3                                   982737                        982737

POWER_LOAD_BYPASS_CORE_3                                   127056                        127056

POWER_PIPELINE_CORE_3                                      837889                        837889

POWER_DCACHE_MISS_BUF_R_CORE_3                             127056                        127056

POWER_DCACHE_MISS_BUF_R_TAG_CORE_3                         261027                        261027

POWER_DCACHE_MISS_BUF_W_CORE_3                             261027                        261027

POWER_DCACHE_MISS_BUF_W_TAG_CORE_3                              0                             0

POWER_DCACHE_LINEFILL_BUF_R_CORE_3                              0                             0

POWER_L2CACHE_LINEFILL_BUF_R_CORE_3                         63526                         63526

POWER_DCACHE_LINEFILL_BUF_W_CORE_3                              0                             0

POWER_L2CACHE_LINEFILL_BUF_W_CORE_3                         63526                         63526

POWER_DCACHE_LINEFILL_BUF_R_TAG_CORE_3                          0                             0

POWER_L2CACHE_LINEFILL_BUF_R_TAG_CORE_3                    127052                        127052

POWER_DCACHE_LINEFILL_BUF_W_TAG_CORE_3                          0                             0

POWER_DCACHE_WB_BUF_R_CORE_3                                    0                             0

POWER_L2CACHE_WB_BUF_R_CORE_3                                   0                             0

POWER_DCACHE_WB_BUF_W_CORE_3                                    0                             0

POWER_L2CACHE_WB_BUF_W_CORE_3                                   0                             0

POWER_DCACHE_WB_BUF_R_TAG_CORE_3                                0                             0

POWER_L2CACHE_WB_BUF_R_TAG_CORE_3                               0                             0

POWER_DCACHE_WB_BUF_W_TAG_CORE_3                                0                             0

POWER_DCACHE_R_CORE_3                                           0                             0

POWER_L2CACHE_R_CORE_3                                          0                             0

POWER_DCACHE_W_CORE_3                                           0                             0

POWER_L2CACHE_W_CORE_3                                          0                             0

POWER_DCACHE_R_TAG_CORE_3                                       0                             0

POWER_L2CACHE_R_TAG_CORE_3                                      0                             0

POWER_CONST_CACHE_R_CORE_3                                      0                             0

POWER_CONST_CACHE_W_CORE_3                                      0                             0

POWER_CONST_CACHE_R_TAG_CORE_3                                  0                             0

POWER_CONST_CACHE_W_TAG_CORE_3                                  0                             0

POWER_TEXTURE_CACHE_R_CORE_3                                    0                             0

POWER_TEXTURE_CACHE_W_CORE_3                                    0                             0

POWER_TEXTURE_CACHE_R_TAG_CORE_3                                0                             0

POWER_TEXTURE_CACHE_W_TAG_CORE_3                                0                             0

POWER_SHARED_MEM_R_CORE_3                                       0                             0

POWER_SHARED_MEM_W_CORE_3                                       0                             0

POWER_SHARED_MEM_R_TAG_CORE_3                                   0                             0

POWER_SHARED_MEM_W_TAG_CORE_3                                   0                             0

POWER_BLOCK_STATES_R_CORE_4                               3000001                       3000001

POWER_BLOCK_STATES_W_CORE_4                               3000001                       3000001

POWER_FETCH_QUEUE_R_CORE_4                                1470389                       1470389

POWER_FETCH_QUEUE_W_CORE_4                                1470389                       1470389

POWER_INST_QUEUE_R_CORE_4                                 2403711                       2403711

POWER_INST_QUEUE_W_CORE_4                                 1470133                       1470133

POWER_BR_PRED_R_CORE_4                                     197684                        197684

POWER_BR_PRED_W_CORE_4                                     196137                        196137

POWER_RAS_R_CORE_4                                           1044                          1044

POWER_RAS_W_CORE_4                                            810                           810

POWER_ICACHE_R_CORE_4                                      193214                        193214

POWER_ICACHE_W_CORE_4                                           0                             0

POWER_ICACHE_R_TAG_CORE_4                                  193214                        193214

POWER_ICACHE_MISS_BUF_R_CORE_4                                  0                             0

POWER_ICACHE_MISS_BUF_W_CORE_4                                  0                             0

POWER_ICACHE_MISS_BUF_R_TAG_CORE_4                              0                             0

POWER_ICACHE_MISS_BUF_W_TAG_CORE_4                              0                             0

POWER_ICACHE_TOT_ACC_CORE_4                                     0                             0

POWER_ICACHE_CONF_CORE_4                                        0                             0

POWER_INST_DECODER_R_CORE_4                               1256030                       1256030

POWER_INST_DECODER_W_CORE_4                                     0                             0

POWER_MICRO_OP_SEQ_R_CORE_4                                     0                             0

POWER_MICRO_OP_SEQ_W_CORE_4                                     0                             0

POWER_OPERAND_DECODER_R_CORE_4                            1256030                       1256030

POWER_OPERAND_DECODER_W_CORE_4                                  0                             0

POWER_UOP_QUEUE_R_CORE_4                                  2403711                       2403711

POWER_UOP_QUEUE_W_CORE_4                                  1470133                       1470133

POWER_REG_RENAMING_TABLE_R_CORE_4                         2403711                       2403711

POWER_REG_RENAMING_TABLE_W_CORE_4                         1470133                       1470133

POWER_DEP_CHECK_LOGIC_R_CORE_4                            1470389                       1470389

POWER_FREELIST_R_CORE_4                                   2403711                       2403711

POWER_FREELIST_W_CORE_4                                   1470133                       1470133

POWER_RESERVATION_STATION_R_CORE_4                        1470107                       1470107

POWER_RESERVATION_STATION_W_CORE_4                        1470125                       1470125

POWER_RESERVATION_STATION_R_TAG_CORE_4                    1470107                       1470107

POWER_RESERVATION_STATION_W_TAG_CORE_4                          0                             0

POWER_INST_ISSUE_SEL_LOGIC_R_CORE_4                       1470107                       1470107

POWER_INST_ISSUE_SEL_LOGIC_W_CORE_4                       1470107                       1470107

POWER_PAYLOAD_RAM_R_CORE_4                                1470107                       1470107

POWER_PAYLOAD_RAM_W_CORE_4                                1470107                       1470107

POWER_EX_ALU_R_CORE_4                                     1139065                       1139065

POWER_EX_FPU_R_CORE_4                                          62                            62

POWER_EX_MUL_R_CORE_4                                         329                           329

POWER_EX_SFU_R_CORE_4                                           0                             0

POWER_REORDER_BUF_R_CORE_4                                1469958                       1469958

POWER_REORDER_BUF_W_CORE_4                                2940266                       2940266

POWER_INST_COMMIT_SEL_LOGIC_R_CORE_4                      1469958                       1469958

POWER_INST_COMMIT_SEL_LOGIC_W_CORE_4                      1470133                       1470133

POWER_FP_RENAME_R_CORE_4                                   131603                        131603

POWER_FP_RENAME_W_CORE_4                                        0                             0

POWER_LOAD_QUEUE_R_CORE_4                                   37532                         37532

POWER_LOAD_QUEUE_W_CORE_4                                   37532                         37532

POWER_LOAD_QUEUE_R_TAG_CORE_4                               37532                         37532

POWER_LOAD_QUEUE_W_TAG_CORE_4                                   0                             0

POWER_STORE_QUEUE_R_CORE_4                                 293119                        293119

POWER_STORE_QUEUE_W_CORE_4                                 293119                        293119

POWER_STORE_QUEUE_R_TAG_CORE_4                             293119                        293119

POWER_STORE_QUEUE_W_TAG_CORE_4                                  0                             0

POWER_DATA_TLB_R_CORE_4                                     37532                         37532

POWER_DATA_TLB_W_CORE_4                                         0                             0

POWER_DATA_TLB_R_TAG_CORE_4                                     0                             0

POWER_DATA_TLB_W_TAG_CORE_4                                     0                             0

POWER_INT_REGFILE_R_CORE_4                                2609439                       2609439

POWER_INT_REGFILE_W_CORE_4                                1470045                       1470045

POWER_FP_REGFILE_R_CORE_4                                     124                           124

POWER_FP_REGFILE_W_CORE_4                                      62                            62

POWER_GP_REGISTER_R_CORE_4                                2609439                       2609439

POWER_GP_REGISTER_W_CORE_4                                1470045                       1470045

POWER_FP_REGISTER_R_CORE_4                                    124                           124

POWER_FP_REGISTER_W_CORE_4                                     62                            62

POWER_SEGMENT_REGISTER_R_CORE_4                            330651                        330651

POWER_SEGMENT_REGISTER_W_CORE_4                            661326                        661326

POWER_CONTROL_REGISTER_R_CORE_4                                 0                             0

POWER_CONTROL_REGISTER_W_CORE_4                             41217                         41217

POWER_FLAG_REGISTER_R_CORE_4                                    0                             0

POWER_FLAG_REGISTER_W_CORE_4                                    0                             0

POWER_EXEC_BYPASS_CORE_4                                  1470107                       1470107

POWER_LOAD_BYPASS_CORE_4                                   135538                        135538

POWER_PIPELINE_CORE_4                                     1255661                       1255661

POWER_DCACHE_MISS_BUF_R_CORE_4                             135538                        135538

POWER_DCACHE_MISS_BUF_R_TAG_CORE_4                         330651                        330651

POWER_DCACHE_MISS_BUF_W_CORE_4                             330651                        330651

POWER_DCACHE_MISS_BUF_W_TAG_CORE_4                              0                             0

POWER_DCACHE_LINEFILL_BUF_R_CORE_4                              0                             0

POWER_L2CACHE_LINEFILL_BUF_R_CORE_4                         67768                         67768

POWER_DCACHE_LINEFILL_BUF_W_CORE_4                              0                             0

POWER_L2CACHE_LINEFILL_BUF_W_CORE_4                         67768                         67768

POWER_DCACHE_LINEFILL_BUF_R_TAG_CORE_4                          0                             0

POWER_L2CACHE_LINEFILL_BUF_R_TAG_CORE_4                    135536                        135536

POWER_DCACHE_LINEFILL_BUF_W_TAG_CORE_4                          0                             0

POWER_DCACHE_WB_BUF_R_CORE_4                                    0                             0

POWER_L2CACHE_WB_BUF_R_CORE_4                                   0                             0

POWER_DCACHE_WB_BUF_W_CORE_4                                    0                             0

POWER_L2CACHE_WB_BUF_W_CORE_4                                   0                             0

POWER_DCACHE_WB_BUF_R_TAG_CORE_4                                0                             0

POWER_L2CACHE_WB_BUF_R_TAG_CORE_4                               0                             0

POWER_DCACHE_WB_BUF_W_TAG_CORE_4                                0                             0

POWER_DCACHE_R_CORE_4                                           0                             0

POWER_L2CACHE_R_CORE_4                                          0                             0

POWER_DCACHE_W_CORE_4                                           0                             0

POWER_L2CACHE_W_CORE_4                                          0                             0

POWER_DCACHE_R_TAG_CORE_4                                       0                             0

POWER_L2CACHE_R_TAG_CORE_4                                      0                             0

POWER_CONST_CACHE_R_CORE_4                                      0                             0

POWER_CONST_CACHE_W_CORE_4                                      0                             0

POWER_CONST_CACHE_R_TAG_CORE_4                                  0                             0

POWER_CONST_CACHE_W_TAG_CORE_4                                  0                             0

POWER_TEXTURE_CACHE_R_CORE_4                                    0                             0

POWER_TEXTURE_CACHE_W_CORE_4                                    0                             0

POWER_TEXTURE_CACHE_R_TAG_CORE_4                                0                             0

POWER_TEXTURE_CACHE_W_TAG_CORE_4                                0                             0

POWER_SHARED_MEM_R_CORE_4                                       0                             0

POWER_SHARED_MEM_W_CORE_4                                       0                             0

POWER_SHARED_MEM_R_TAG_CORE_4                                   0                             0

POWER_SHARED_MEM_W_TAG_CORE_4                                   0                             0

POWER_BLOCK_STATES_R_CORE_5                               3000001                       3000001

POWER_BLOCK_STATES_W_CORE_5                               3000001                       3000001

POWER_FETCH_QUEUE_R_CORE_5                                1931406                       1931406

POWER_FETCH_QUEUE_W_CORE_5                                1931406                       1931406

POWER_INST_QUEUE_R_CORE_5                                 2750004                       2750004

POWER_INST_QUEUE_W_CORE_5                                 1931153                       1931153

POWER_BR_PRED_R_CORE_5                                     263543                        263543

POWER_BR_PRED_W_CORE_5                                     262002                        262002

POWER_RAS_R_CORE_5                                           1044                          1044

POWER_RAS_W_CORE_5                                            810                           810

POWER_ICACHE_R_CORE_5                                      253201                        253201

POWER_ICACHE_W_CORE_5                                           0                             0

POWER_ICACHE_R_TAG_CORE_5                                  253201                        253201

POWER_ICACHE_MISS_BUF_R_CORE_5                                  0                             0

POWER_ICACHE_MISS_BUF_W_CORE_5                                  0                             0

POWER_ICACHE_MISS_BUF_R_TAG_CORE_5                              0                             0

POWER_ICACHE_MISS_BUF_W_TAG_CORE_5                              0                             0

POWER_ICACHE_TOT_ACC_CORE_5                                     0                             0

POWER_ICACHE_CONF_CORE_5                                        0                             0

POWER_INST_DECODER_R_CORE_5                               1651188                       1651188

POWER_INST_DECODER_W_CORE_5                                     0                             0

POWER_MICRO_OP_SEQ_R_CORE_5                                     0                             0

POWER_MICRO_OP_SEQ_W_CORE_5                                     0                             0

POWER_OPERAND_DECODER_R_CORE_5                            1651188                       1651188

POWER_OPERAND_DECODER_W_CORE_5                                  0                             0

POWER_UOP_QUEUE_R_CORE_5                                  2750004                       2750004

POWER_UOP_QUEUE_W_CORE_5                                  1931153                       1931153

POWER_REG_RENAMING_TABLE_R_CORE_5                         2750004                       2750004

POWER_REG_RENAMING_TABLE_W_CORE_5                         1931153                       1931153

POWER_DEP_CHECK_LOGIC_R_CORE_5                            1931406                       1931406

POWER_FREELIST_R_CORE_5                                   2750004                       2750004

POWER_FREELIST_W_CORE_5                                   1931153                       1931153

POWER_RESERVATION_STATION_R_CORE_5                        1931153                       1931153

POWER_RESERVATION_STATION_W_CORE_5                        1931153                       1931153

POWER_RESERVATION_STATION_R_TAG_CORE_5                    1931153                       1931153

POWER_RESERVATION_STATION_W_TAG_CORE_5                          0                             0

POWER_INST_ISSUE_SEL_LOGIC_R_CORE_5                       1931153                       1931153

POWER_INST_ISSUE_SEL_LOGIC_W_CORE_5                       1931153                       1931153

POWER_PAYLOAD_RAM_R_CORE_5                                1931153                       1931153

POWER_PAYLOAD_RAM_W_CORE_5                                1931153                       1931153

POWER_EX_ALU_R_CORE_5                                     1534247                       1534247

POWER_EX_FPU_R_CORE_5                                          62                            62

POWER_EX_MUL_R_CORE_5                                         329                           329

POWER_EX_SFU_R_CORE_5                                           0                             0

POWER_REORDER_BUF_R_CORE_5                                1930974                       1930974

POWER_REORDER_BUF_W_CORE_5                                3862306                       3862306

POWER_INST_COMMIT_SEL_LOGIC_R_CORE_5                      1930974                       1930974

POWER_INST_COMMIT_SEL_LOGIC_W_CORE_5                      1931153                       1931153

POWER_FP_RENAME_R_CORE_5                                   131876                        131876

POWER_FP_RENAME_W_CORE_5                                        0                             0

POWER_LOAD_QUEUE_R_CORE_5                                   37532                         37532

POWER_LOAD_QUEUE_W_CORE_5                                   37532                         37532

POWER_LOAD_QUEUE_R_TAG_CORE_5                               37532                         37532

POWER_LOAD_QUEUE_W_TAG_CORE_5                                   0                             0

POWER_STORE_QUEUE_R_CORE_5                                 358983                        358983

POWER_STORE_QUEUE_W_CORE_5                                 358983                        358983

POWER_STORE_QUEUE_R_TAG_CORE_5                             358983                        358983

POWER_STORE_QUEUE_W_TAG_CORE_5                                  0                             0

POWER_DATA_TLB_R_CORE_5                                     37532                         37532

POWER_DATA_TLB_W_CORE_5                                         0                             0

POWER_DATA_TLB_R_TAG_CORE_5                                     0                             0

POWER_DATA_TLB_W_TAG_CORE_5                                     0                             0

POWER_INT_REGFILE_R_CORE_5                                3465667                       3465667

POWER_INT_REGFILE_W_CORE_5                                1931091                       1931091

POWER_FP_REGFILE_R_CORE_5                                     124                           124

POWER_FP_REGFILE_W_CORE_5                                      62                            62

POWER_GP_REGISTER_R_CORE_5                                3465667                       3465667

POWER_GP_REGISTER_W_CORE_5                                1931091                       1931091

POWER_FP_REGISTER_R_CORE_5                                    124                           124

POWER_FP_REGISTER_W_CORE_5                                     62                            62

POWER_SEGMENT_REGISTER_R_CORE_5                            396515                        396515

POWER_SEGMENT_REGISTER_W_CORE_5                            793049                        793049

POWER_CONTROL_REGISTER_R_CORE_5                                 0                             0

POWER_CONTROL_REGISTER_W_CORE_5                             41217                         41217

POWER_FLAG_REGISTER_R_CORE_5                                    0                             0

POWER_FLAG_REGISTER_W_CORE_5                                    0                             0

POWER_EXEC_BYPASS_CORE_5                                  1931153                       1931153

POWER_LOAD_BYPASS_CORE_5                                   144064                        144064

POWER_PIPELINE_CORE_5                                     1650817                       1650817

POWER_DCACHE_MISS_BUF_R_CORE_5                             144064                        144064

POWER_DCACHE_MISS_BUF_R_TAG_CORE_5                         396515                        396515

POWER_DCACHE_MISS_BUF_W_CORE_5                             396515                        396515

POWER_DCACHE_MISS_BUF_W_TAG_CORE_5                              0                             0

POWER_DCACHE_LINEFILL_BUF_R_CORE_5                              0                             0

POWER_L2CACHE_LINEFILL_BUF_R_CORE_5                         72030                         72030

POWER_DCACHE_LINEFILL_BUF_W_CORE_5                              0                             0

POWER_L2CACHE_LINEFILL_BUF_W_CORE_5                         72030                         72030

POWER_DCACHE_LINEFILL_BUF_R_TAG_CORE_5                          0                             0

POWER_L2CACHE_LINEFILL_BUF_R_TAG_CORE_5                    144060                        144060

POWER_DCACHE_LINEFILL_BUF_W_TAG_CORE_5                          0                             0

POWER_DCACHE_WB_BUF_R_CORE_5                                    0                             0

POWER_L2CACHE_WB_BUF_R_CORE_5                                   0                             0

POWER_DCACHE_WB_BUF_W_CORE_5                                    0                             0

POWER_L2CACHE_WB_BUF_W_CORE_5                                   0                             0

POWER_DCACHE_WB_BUF_R_TAG_CORE_5                                0                             0

POWER_L2CACHE_WB_BUF_R_TAG_CORE_5                               0                             0

POWER_DCACHE_WB_BUF_W_TAG_CORE_5                                0                             0

POWER_DCACHE_R_CORE_5                                           0                             0

POWER_L2CACHE_R_CORE_5                                          0                             0

POWER_DCACHE_W_CORE_5                                           0                             0

POWER_L2CACHE_W_CORE_5                                          0                             0

POWER_DCACHE_R_TAG_CORE_5                                       0                             0

POWER_L2CACHE_R_TAG_CORE_5                                      0                             0

POWER_CONST_CACHE_R_CORE_5                                      0                             0

POWER_CONST_CACHE_W_CORE_5                                      0                             0

POWER_CONST_CACHE_R_TAG_CORE_5                                  0                             0

POWER_CONST_CACHE_W_TAG_CORE_5                                  0                             0

POWER_TEXTURE_CACHE_R_CORE_5                                    0                             0

POWER_TEXTURE_CACHE_W_CORE_5                                    0                             0

POWER_TEXTURE_CACHE_R_TAG_CORE_5                                0                             0

POWER_TEXTURE_CACHE_W_TAG_CORE_5                                0                             0

POWER_SHARED_MEM_R_CORE_5                                       0                             0

POWER_SHARED_MEM_W_CORE_5                                       0                             0

POWER_SHARED_MEM_R_TAG_CORE_5                                   0                             0

POWER_SHARED_MEM_W_TAG_CORE_5                                   0                             0

POWER_BLOCK_STATES_R_CORE_6                               3000001                       3000001

POWER_BLOCK_STATES_W_CORE_6                               3000001                       3000001

POWER_FETCH_QUEUE_R_CORE_6                                2564288                       2564288

POWER_FETCH_QUEUE_W_CORE_6                                2564288                       2564288

POWER_INST_QUEUE_R_CORE_6                                 3334020                       3334020

POWER_INST_QUEUE_W_CORE_6                                 2564032                       2564032

POWER_BR_PRED_R_CORE_6                                     353955                        353955

POWER_BR_PRED_W_CORE_6                                     352408                        352408

POWER_RAS_R_CORE_6                                           1044                          1044

POWER_RAS_W_CORE_6                                            810                           810

POWER_ICACHE_R_CORE_6                                      336443                        336443

POWER_ICACHE_W_CORE_6                                           0                             0

POWER_ICACHE_R_TAG_CORE_6                                  336443                        336443

POWER_ICACHE_MISS_BUF_R_CORE_6                                  0                             0

POWER_ICACHE_MISS_BUF_W_CORE_6                                  0                             0

POWER_ICACHE_MISS_BUF_R_TAG_CORE_6                              0                             0

POWER_ICACHE_MISS_BUF_W_TAG_CORE_6                              0                             0

POWER_ICACHE_TOT_ACC_CORE_6                                     0                             0

POWER_ICACHE_CONF_CORE_6                                        0                             0

POWER_INST_DECODER_R_CORE_6                               2193658                       2193658

POWER_INST_DECODER_W_CORE_6                                     0                             0

POWER_MICRO_OP_SEQ_R_CORE_6                                     0                             0

POWER_MICRO_OP_SEQ_W_CORE_6                                     0                             0

POWER_OPERAND_DECODER_R_CORE_6                            2193658                       2193658

POWER_OPERAND_DECODER_W_CORE_6                                  0                             0

POWER_UOP_QUEUE_R_CORE_6                                  3334020                       3334020

POWER_UOP_QUEUE_W_CORE_6                                  2564032                       2564032

POWER_REG_RENAMING_TABLE_R_CORE_6                         3334020                       3334020

POWER_REG_RENAMING_TABLE_W_CORE_6                         2564032                       2564032

POWER_DEP_CHECK_LOGIC_R_CORE_6                            2564288                       2564288

POWER_FREELIST_R_CORE_6                                   3334020                       3334020

POWER_FREELIST_W_CORE_6                                   2564032                       2564032

POWER_RESERVATION_STATION_R_CORE_6                        2564005                       2564005

POWER_RESERVATION_STATION_W_CORE_6                        2564024                       2564024

POWER_RESERVATION_STATION_R_TAG_CORE_6                    2564005                       2564005

POWER_RESERVATION_STATION_W_TAG_CORE_6                          0                             0

POWER_INST_ISSUE_SEL_LOGIC_R_CORE_6                       2564005                       2564005

POWER_INST_ISSUE_SEL_LOGIC_W_CORE_6                       2564005                       2564005

POWER_PAYLOAD_RAM_R_CORE_6                                2564005                       2564005

POWER_PAYLOAD_RAM_W_CORE_6                                2564005                       2564005

POWER_EX_ALU_R_CORE_6                                     2076692                       2076692

POWER_EX_FPU_R_CORE_6                                          62                            62

POWER_EX_MUL_R_CORE_6                                         329                           329

POWER_EX_SFU_R_CORE_6                                           0                             0

POWER_REORDER_BUF_R_CORE_6                                2563854                       2563854

POWER_REORDER_BUF_W_CORE_6                                5128064                       5128064

POWER_INST_COMMIT_SEL_LOGIC_R_CORE_6                      2563854                       2563854

POWER_INST_COMMIT_SEL_LOGIC_W_CORE_6                      2564032                       2564032

POWER_FP_RENAME_R_CORE_6                                   131565                        131565

POWER_FP_RENAME_W_CORE_6                                        0                             0

POWER_LOAD_QUEUE_R_CORE_6                                   37532                         37532

POWER_LOAD_QUEUE_W_CORE_6                                   37532                         37532

POWER_LOAD_QUEUE_R_TAG_CORE_6                               37532                         37532

POWER_LOAD_QUEUE_W_TAG_CORE_6                                   0                             0

POWER_STORE_QUEUE_R_CORE_6                                 449390                        449390

POWER_STORE_QUEUE_W_CORE_6                                 449390                        449390

POWER_STORE_QUEUE_R_TAG_CORE_6                             449390                        449390

POWER_STORE_QUEUE_W_TAG_CORE_6                                  0                             0

POWER_DATA_TLB_R_CORE_6                                     37532                         37532

POWER_DATA_TLB_W_CORE_6                                         0                             0

POWER_DATA_TLB_R_TAG_CORE_6                                     0                             0

POWER_DATA_TLB_W_TAG_CORE_6                                     0                             0

POWER_INT_REGFILE_R_CORE_6                                4640964                       4640964

POWER_INT_REGFILE_W_CORE_6                                2563943                       2563943

POWER_FP_REGFILE_R_CORE_6                                     124                           124

POWER_FP_REGFILE_W_CORE_6                                      62                            62

POWER_GP_REGISTER_R_CORE_6                                4640964                       4640964

POWER_GP_REGISTER_W_CORE_6                                2563943                       2563943

POWER_FP_REGISTER_R_CORE_6                                    124                           124

POWER_FP_REGISTER_W_CORE_6                                     62                            62

POWER_SEGMENT_REGISTER_R_CORE_6                            486922                        486922

POWER_SEGMENT_REGISTER_W_CORE_6                            973868                        973868

POWER_CONTROL_REGISTER_R_CORE_6                                 0                             0

POWER_CONTROL_REGISTER_W_CORE_6                             41217                         41217

POWER_FLAG_REGISTER_R_CORE_6                                    0                             0

POWER_FLAG_REGISTER_W_CORE_6                                    0                             0

POWER_EXEC_BYPASS_CORE_6                                  2564005                       2564005

POWER_LOAD_BYPASS_CORE_6                                   155790                        155790

POWER_PIPELINE_CORE_6                                     2193286                       2193286

POWER_DCACHE_MISS_BUF_R_CORE_6                             155790                        155790

POWER_DCACHE_MISS_BUF_R_TAG_CORE_6                         486922                        486922

POWER_DCACHE_MISS_BUF_W_CORE_6                             486922                        486922

POWER_DCACHE_MISS_BUF_W_TAG_CORE_6                              0                             0

POWER_DCACHE_LINEFILL_BUF_R_CORE_6                              0                             0

POWER_L2CACHE_LINEFILL_BUF_R_CORE_6                         77894                         77894

POWER_DCACHE_LINEFILL_BUF_W_CORE_6                              0                             0

POWER_L2CACHE_LINEFILL_BUF_W_CORE_6                         77894                         77894

POWER_DCACHE_LINEFILL_BUF_R_TAG_CORE_6                          0                             0

POWER_L2CACHE_LINEFILL_BUF_R_TAG_CORE_6                    155788                        155788

POWER_DCACHE_LINEFILL_BUF_W_TAG_CORE_6                          0                             0

POWER_DCACHE_WB_BUF_R_CORE_6                                    0                             0

POWER_L2CACHE_WB_BUF_R_CORE_6                                   0                             0

POWER_DCACHE_WB_BUF_W_CORE_6                                    0                             0

POWER_L2CACHE_WB_BUF_W_CORE_6                                   0                             0

POWER_DCACHE_WB_BUF_R_TAG_CORE_6                                0                             0

POWER_L2CACHE_WB_BUF_R_TAG_CORE_6                               0                             0

POWER_DCACHE_WB_BUF_W_TAG_CORE_6                                0                             0

POWER_DCACHE_R_CORE_6                                           0                             0

POWER_L2CACHE_R_CORE_6                                          0                             0

POWER_DCACHE_W_CORE_6                                           0                             0

POWER_L2CACHE_W_CORE_6                                          0                             0

POWER_DCACHE_R_TAG_CORE_6                                       0                             0

POWER_L2CACHE_R_TAG_CORE_6                                      0                             0

POWER_CONST_CACHE_R_CORE_6                                      0                             0

POWER_CONST_CACHE_W_CORE_6                                      0                             0

POWER_CONST_CACHE_R_TAG_CORE_6                                  0                             0

POWER_CONST_CACHE_W_TAG_CORE_6                                  0                             0

POWER_TEXTURE_CACHE_R_CORE_6                                    0                             0

POWER_TEXTURE_CACHE_W_CORE_6                                    0                             0

POWER_TEXTURE_CACHE_R_TAG_CORE_6                                0                             0

POWER_TEXTURE_CACHE_W_TAG_CORE_6                                0                             0

POWER_SHARED_MEM_R_CORE_6                                       0                             0

POWER_SHARED_MEM_W_CORE_6                                       0                             0

POWER_SHARED_MEM_R_TAG_CORE_6                                   0                             0

POWER_SHARED_MEM_W_TAG_CORE_6                                   0                             0

POWER_BLOCK_STATES_R_CORE_7                               3000001                       3000001

POWER_BLOCK_STATES_W_CORE_7                               3000001                       3000001

POWER_FETCH_QUEUE_R_CORE_7                                3464624                       3464624

POWER_FETCH_QUEUE_W_CORE_7                                3464624                       3464624

POWER_INST_QUEUE_R_CORE_7                                 4199190                       4199190

POWER_INST_QUEUE_W_CORE_7                                 3464368                       3464368

POWER_BR_PRED_R_CORE_7                                     482575                        482575

POWER_BR_PRED_W_CORE_7                                     481028                        481028

POWER_RAS_R_CORE_7                                           1044                          1044

POWER_RAS_W_CORE_7                                            810                           810

POWER_ICACHE_R_CORE_7                                      451154                        451154

POWER_ICACHE_W_CORE_7                                           0                             0

POWER_ICACHE_R_TAG_CORE_7                                  451154                        451154

POWER_ICACHE_MISS_BUF_R_CORE_7                                  0                             0

POWER_ICACHE_MISS_BUF_W_CORE_7                                  0                             0

POWER_ICACHE_MISS_BUF_R_TAG_CORE_7                              0                             0

POWER_ICACHE_MISS_BUF_W_TAG_CORE_7                              0                             0

POWER_ICACHE_TOT_ACC_CORE_7                                     0                             0

POWER_ICACHE_CONF_CORE_7                                        0                             0

POWER_INST_DECODER_R_CORE_7                               2965374                       2965374

POWER_INST_DECODER_W_CORE_7                                     0                             0

POWER_MICRO_OP_SEQ_R_CORE_7                                     0                             0

POWER_MICRO_OP_SEQ_W_CORE_7                                     0                             0

POWER_OPERAND_DECODER_R_CORE_7                            2965374                       2965374

POWER_OPERAND_DECODER_W_CORE_7                                  0                             0

POWER_UOP_QUEUE_R_CORE_7                                  4199190                       4199190

POWER_UOP_QUEUE_W_CORE_7                                  3464368                       3464368

POWER_REG_RENAMING_TABLE_R_CORE_7                         4199190                       4199190

POWER_REG_RENAMING_TABLE_W_CORE_7                         3464368                       3464368

POWER_DEP_CHECK_LOGIC_R_CORE_7                            3464624                       3464624

POWER_FREELIST_R_CORE_7                                   4199190                       4199190

POWER_FREELIST_W_CORE_7                                   3464368                       3464368

POWER_RESERVATION_STATION_R_CORE_7                        3464344                       3464344

POWER_RESERVATION_STATION_W_CORE_7                        3464360                       3464360

POWER_RESERVATION_STATION_R_TAG_CORE_7                    3464344                       3464344

POWER_RESERVATION_STATION_W_TAG_CORE_7                          0                             0

POWER_INST_ISSUE_SEL_LOGIC_R_CORE_7                       3464344                       3464344

POWER_INST_ISSUE_SEL_LOGIC_W_CORE_7                       3464344                       3464344

POWER_PAYLOAD_RAM_R_CORE_7                                3464344                       3464344

POWER_PAYLOAD_RAM_W_CORE_7                                3464344                       3464344

POWER_EX_ALU_R_CORE_7                                     2848411                       2848411

POWER_EX_FPU_R_CORE_7                                          62                            62

POWER_EX_MUL_R_CORE_7                                         329                           329

POWER_EX_SFU_R_CORE_7                                           0                             0

POWER_REORDER_BUF_R_CORE_7                                3464190                       3464190

POWER_REORDER_BUF_W_CORE_7                                6928736                       6928736

POWER_INST_COMMIT_SEL_LOGIC_R_CORE_7                      3464190                       3464190

POWER_INST_COMMIT_SEL_LOGIC_W_CORE_7                      3464368                       3464368

POWER_FP_RENAME_R_CORE_7                                   131149                        131149

POWER_FP_RENAME_W_CORE_7                                        0                             0

POWER_LOAD_QUEUE_R_CORE_7                                   37532                         37532

POWER_LOAD_QUEUE_W_CORE_7                                   37532                         37532

POWER_LOAD_QUEUE_R_TAG_CORE_7                               37532                         37532

POWER_LOAD_QUEUE_W_TAG_CORE_7                                   0                             0

POWER_STORE_QUEUE_R_CORE_7                                 578010                        578010

POWER_STORE_QUEUE_W_CORE_7                                 578010                        578010

POWER_STORE_QUEUE_R_TAG_CORE_7                             578010                        578010

POWER_STORE_QUEUE_W_TAG_CORE_7                                  0                             0

POWER_DATA_TLB_R_CORE_7                                     37532                         37532

POWER_DATA_TLB_W_CORE_7                                         0                             0

POWER_DATA_TLB_R_TAG_CORE_7                                     0                             0

POWER_DATA_TLB_W_TAG_CORE_7                                     0                             0

POWER_INT_REGFILE_R_CORE_7                                6313022                       6313022

POWER_INT_REGFILE_W_CORE_7                                3464282                       3464282

POWER_FP_REGFILE_R_CORE_7                                     124                           124

POWER_FP_REGFILE_W_CORE_7                                      62                            62

POWER_GP_REGISTER_R_CORE_7                                6313022                       6313022

POWER_GP_REGISTER_W_CORE_7                                3464282                       3464282

POWER_FP_REGISTER_R_CORE_7                                    124                           124

POWER_FP_REGISTER_W_CORE_7                                     62                            62

POWER_SEGMENT_REGISTER_R_CORE_7                            615542                        615542

POWER_SEGMENT_REGISTER_W_CORE_7                           1231107                       1231107

POWER_CONTROL_REGISTER_R_CORE_7                                 0                             0

POWER_CONTROL_REGISTER_W_CORE_7                             41217                         41217

POWER_FLAG_REGISTER_R_CORE_7                                    0                             0

POWER_FLAG_REGISTER_W_CORE_7                                    0                             0

POWER_EXEC_BYPASS_CORE_7                                  3464344                       3464344

POWER_LOAD_BYPASS_CORE_7                                   172928                        172928

POWER_PIPELINE_CORE_7                                     2965002                       2965002

POWER_DCACHE_MISS_BUF_R_CORE_7                             172928                        172928

POWER_DCACHE_MISS_BUF_R_TAG_CORE_7                         615542                        615542

POWER_DCACHE_MISS_BUF_W_CORE_7                             615542                        615542

POWER_DCACHE_MISS_BUF_W_TAG_CORE_7                              0                             0

POWER_DCACHE_LINEFILL_BUF_R_CORE_7                              0                             0

POWER_L2CACHE_LINEFILL_BUF_R_CORE_7                         86463                         86463

POWER_DCACHE_LINEFILL_BUF_W_CORE_7                              0                             0

POWER_L2CACHE_LINEFILL_BUF_W_CORE_7                         86463                         86463

POWER_DCACHE_LINEFILL_BUF_R_TAG_CORE_7                          0                             0

POWER_L2CACHE_LINEFILL_BUF_R_TAG_CORE_7                    172926                        172926

POWER_DCACHE_LINEFILL_BUF_W_TAG_CORE_7                          0                             0

POWER_DCACHE_WB_BUF_R_CORE_7                                    0                             0

POWER_L2CACHE_WB_BUF_R_CORE_7                                   0                             0

POWER_DCACHE_WB_BUF_W_CORE_7                                    0                             0

POWER_L2CACHE_WB_BUF_W_CORE_7                                   0                             0

POWER_DCACHE_WB_BUF_R_TAG_CORE_7                                0                             0

POWER_L2CACHE_WB_BUF_R_TAG_CORE_7                               0                             0

POWER_DCACHE_WB_BUF_W_TAG_CORE_7                                0                             0

POWER_DCACHE_R_CORE_7                                           0                             0

POWER_L2CACHE_R_CORE_7                                          0                             0

POWER_DCACHE_W_CORE_7                                           0                             0

POWER_L2CACHE_W_CORE_7                                          0                             0

POWER_DCACHE_R_TAG_CORE_7                                       0                             0

POWER_L2CACHE_R_TAG_CORE_7                                      0                             0

POWER_CONST_CACHE_R_CORE_7                                      0                             0

POWER_CONST_CACHE_W_CORE_7                                      0                             0

POWER_CONST_CACHE_R_TAG_CORE_7                                  0                             0

POWER_CONST_CACHE_W_TAG_CORE_7                                  0                             0

POWER_TEXTURE_CACHE_R_CORE_7                                    0                             0

POWER_TEXTURE_CACHE_W_CORE_7                                    0                             0

POWER_TEXTURE_CACHE_R_TAG_CORE_7                                0                             0

POWER_TEXTURE_CACHE_W_TAG_CORE_7                                0                             0

POWER_SHARED_MEM_R_CORE_7                                       0                             0

POWER_SHARED_MEM_W_CORE_7                                       0                             0

POWER_SHARED_MEM_R_TAG_CORE_7                                   0                             0

POWER_SHARED_MEM_W_TAG_CORE_7                                   0                             0

